生成启动时间为 2015/7/28 15:35:05。
     1>项目“E:\space\faceProject\faceProject\faceProject.vcxproj”在节点 2 上(Build 个目标)。
     1>ClCompile:
         E:\Program Files (x86)\Microsoft Visual Studio 11.0\VC\bin\CL.exe /c /ZI /nologo /W3 /WX- /sdl /Od /Oy- /D _CRT_SECURE_NO_WARNINGS /D _MBCS /Gm /EHsc /RTC1 /MDd /GS /fp:precise /Zc:wchar_t /Zc:forScope /Fo"Debug\\" /Fd"Debug\vc110.pdb" /Gd /TP /analyze- /errorReport:prompt CAsmUtil.cpp CDxUtil.cpp main.cpp
         main.cpp
         CDxUtil.cpp
     1>e:\space\faceproject\faceproject\cdxutil.cpp(260): warning C4244: “=”: 从“double”转换到“float”，可能丢失数据
     1>e:\space\faceproject\faceproject\cdxutil.cpp(261): warning C4244: “=”: 从“double”转换到“float”，可能丢失数据
     1>e:\space\faceproject\faceproject\cdxutil.cpp(284): warning C4244: “=”: 从“double”转换到“FLOAT”，可能丢失数据
     1>e:\space\faceproject\faceproject\cdxutil.cpp(285): warning C4244: “=”: 从“double”转换到“FLOAT”，可能丢失数据
         CAsmUtil.cpp
     1>e:\space\faceproject\faceproject\casmutil.cpp(51): warning C4244: “=”: 从“double”转换到“float”，可能丢失数据
     1>e:\space\faceproject\faceproject\casmutil.cpp(52): warning C4244: “=”: 从“double”转换到“float”，可能丢失数据
     1>e:\space\faceproject\faceproject\casmutil.cpp(53): warning C4244: “=”: 从“double”转换到“float”，可能丢失数据
     1>e:\space\faceproject\faceproject\casmutil.cpp(54): warning C4244: “=”: 从“double”转换到“float”，可能丢失数据
     1>e:\space\faceproject\faceproject\casmutil.cpp(153): warning C4244: “参数”: 从“const float”转换到“int”，可能丢失数据
         正在生成代码...
       Link:
         E:\Program Files (x86)\Microsoft Visual Studio 11.0\VC\bin\link.exe /ERRORREPORT:PROMPT /OUT:"E:\space\faceProject\Debug\faceProject.exe" /INCREMENTAL:NO /NOLOGO opencv_calib3d2410.lib opencv_contrib2410.lib opencv_core2410.lib opencv_features2d2410.lib opencv_flann2410.lib opencv_gpu2410.lib opencv_highgui2410.lib opencv_imgproc2410.lib opencv_legacy2410.lib opencv_ml2410.lib opencv_objdetect2410.lib opencv_ts2410.lib opencv_video2410.lib d3d9.lib d3dx9.lib winmm.lib dinput8.lib dxguid.lib asmlibrary.lib odbc32.lib odbccp32.lib kernel32.lib user32.lib gdi32.lib winspool.lib comdlg32.lib advapi32.lib shell32.lib ole32.lib oleaut32.lib uuid.lib odbc32.lib odbccp32.lib /MANIFEST /MANIFESTUAC:"level='asInvoker' uiAccess='false'" /manifest:embed /DEBUG /PDB:"E:\space\faceProject\Debug\faceProject.pdb" /TLBID:1 /DYNAMICBASE /NXCOMPAT /IMPLIB:"E:\space\faceProject\Debug\faceProject.lib" /MACHINE:X86 Debug\CAsmUtil.obj
         Debug\CDxUtil.obj
         Debug\main.obj
     1>CAsmUtil.obj : warning LNK4075: 忽略“/EDITANDCONTINUE”(由于“/OPT:LBR”规范)
         faceProject.vcxproj -> E:\space\faceProject\Debug\faceProject.exe
     1>已完成生成项目“E:\space\faceProject\faceProject\faceProject.vcxproj”(Build 个目标)的操作。

生成成功。

已用时间 00:00:13.67
