E:\SPACE\FACEPROJECT\FACEPROJECT\RELEASE\MAIN.OBJ
E:\SPACE\FACEPROJECT\FACEPROJECT\RELEASE\CASMUTIL.OBJ
E:\SPACE\FACEPROJECT\FACEPROJECT\RELEASE\CDXUTIL.OBJ
E:\SPACE\FACEPROJECT\FACEPROJECT\RELEASE\VC110.PDB
E:\SPACE\FACEPROJECT\RELEASE\FACEPROJECT.EXE
E:\SPACE\FACEPROJECT\RELEASE\FACEPROJECT.PDB
E:\space\faceProject\faceProject\Release\CAsmUtil.obj
E:\space\faceProject\faceProject\Release\CDxUtil.obj
E:\space\faceProject\faceProject\Release\main.obj
E:\space\faceProject\faceProject\Release\cl.command.1.tlog
E:\space\faceProject\faceProject\Release\CL.read.1.tlog
E:\space\faceProject\faceProject\Release\CL.write.1.tlog
E:\space\faceProject\faceProject\Release\FXC.command.1.tlog
E:\space\faceProject\faceProject\Release\fxc.read.1.tlog
E:\space\faceProject\faceProject\Release\FXC.write.1.tlog
E:\space\faceProject\faceProject\Release\link-cvtres.read.1.tlog
E:\space\faceProject\faceProject\Release\link-cvtres.write.1.tlog
E:\space\faceProject\faceProject\Release\link-rc.read.1.tlog
E:\space\faceProject\faceProject\Release\link-rc.write.1.tlog
E:\space\faceProject\faceProject\Release\link.command.1.tlog
E:\space\faceProject\faceProject\Release\link.read.1.tlog
E:\space\faceProject\faceProject\Release\link.write.1.tlog
E:\space\faceProject\faceProject\Release\vc110.pdb
E:\space\faceProject\Release\faceProject.pdb
E:\space\faceProject\Release\faceProject.exe
