生成启动时间为 2015/8/30 19:17:16。
     1>项目“E:\space\faceProject\faceProject\faceProject.vcxproj”在节点 2 上(Build 个目标)。
     1>ClCompile:
         E:\Program Files (x86)\Microsoft Visual Studio 11.0\VC\bin\CL.exe /c /Zi /nologo /W3 /WX- /sdl /O2 /Oi /Oy- /GL /D _CRT_SECURE_NO_WARNINGS /D _MBCS /D _MBCS /Gm- /EHsc /MD /GS /Gy /fp:precise /Zc:wchar_t /Zc:forScope /Fo"Release\\" /Fd"Release\vc110.pdb" /Gd /TP /analyze- /errorReport:prompt CAsmUtil.cpp CDxUtil.cpp main.cpp
         CAsmUtil.cpp
     1>CAsmUtil.cpp(51): warning C4244: “=”: 从“double”转换到“float”，可能丢失数据
     1>CAsmUtil.cpp(52): warning C4244: “=”: 从“double”转换到“float”，可能丢失数据
     1>CAsmUtil.cpp(53): warning C4244: “=”: 从“double”转换到“float”，可能丢失数据
     1>CAsmUtil.cpp(54): warning C4244: “=”: 从“double”转换到“float”，可能丢失数据
     1>CAsmUtil.cpp(153): warning C4244: “参数”: 从“const float”转换到“int”，可能丢失数据
         CDxUtil.cpp
     1>CDxUtil.cpp(182): warning C4101: “hr”: 未引用的局部变量
     1>CDxUtil.cpp(243): warning C4018: “<”: 有符号/无符号不匹配
     1>CDxUtil.cpp(281): warning C4244: “=”: 从“double”转换到“float”，可能丢失数据
     1>CDxUtil.cpp(282): warning C4244: “=”: 从“double”转换到“float”，可能丢失数据
     1>CDxUtil.cpp(309): warning C4244: “=”: 从“double”转换到“FLOAT”，可能丢失数据
     1>CDxUtil.cpp(310): warning C4244: “=”: 从“double”转换到“FLOAT”，可能丢失数据
         main.cpp
       Link:
         E:\Program Files (x86)\Microsoft Visual Studio 11.0\VC\bin\link.exe /ERRORREPORT:PROMPT /OUT:"E:\space\faceProject\Release\faceProject.exe" /INCREMENTAL:NO /NOLOGO opencv_calib3d2410.lib opencv_contrib2410.lib opencv_core2410.lib opencv_features2d2410.lib opencv_flann2410.lib opencv_gpu2410.lib opencv_highgui2410.lib opencv_imgproc2410.lib opencv_legacy2410.lib opencv_ml2410.lib opencv_objdetect2410.lib opencv_ts2410.lib opencv_video2410.lib d3d9.lib d3dx9.lib winmm.lib dinput8.lib dxguid.lib asmlibrary.lib odbc32.lib odbccp32.lib kernel32.lib user32.lib gdi32.lib winspool.lib comdlg32.lib advapi32.lib shell32.lib ole32.lib oleaut32.lib uuid.lib odbc32.lib odbccp32.lib /MANIFEST /MANIFESTUAC:"level='asInvoker' uiAccess='false'" /manifest:embed /DEBUG /PDB:"E:\space\faceProject\Release\faceProject.pdb" /OPT:REF /OPT:ICF /LTCG /TLBID:1 /DYNAMICBASE /NXCOMPAT /IMPLIB:"E:\space\faceProject\Release\faceProject.lib" /MACHINE:X86 /SAFESEH Release\CAsmUtil.obj
         Release\CDxUtil.obj
         Release\main.obj
         正在生成代码
         已完成代码的生成
         faceProject.vcxproj -> E:\space\faceProject\Release\faceProject.exe
       PostBuildEvent:
         copy .\shader\* ..\Release\shader\
         :VCEnd
         .\shader\pastis_shader.fx
         已复制         1 个文件。
     1>已完成生成项目“E:\space\faceProject\faceProject\faceProject.vcxproj”(Build 个目标)的操作。

生成成功。

已用时间 00:00:05.19
